D:\FINALPROJECT\DEBUG\FINALPROJECT.EXE
D:\FINALPROJECT\DEBUG\FINALPROJECT.ILK
D:\FINALPROJECT\DEBUG\FINALPROJECT.PDB
D:\FinalProject\FinalProject\Debug\cl.command.1.tlog
D:\FinalProject\FinalProject\Debug\CL.read.1.tlog
D:\FinalProject\FinalProject\Debug\CL.write.1.tlog
D:\FINALPROJECT\FINALPROJECT\DEBUG\FINALPROJECT.EXE.INTERMEDIATE.MANIFEST
D:\FINALPROJECT\FINALPROJECT\DEBUG\GLM.OBJ
D:\FINALPROJECT\FINALPROJECT\DEBUG\GLMIMG.OBJ
D:\FinalProject\FinalProject\Debug\link.command.1.tlog
D:\FinalProject\FinalProject\Debug\link.read.1.tlog
D:\FinalProject\FinalProject\Debug\link.write.1.tlog
D:\FINALPROJECT\FINALPROJECT\DEBUG\MAIN.OBJ
D:\FinalProject\FinalProject\Debug\mt.command.1.tlog
D:\FinalProject\FinalProject\Debug\mt.read.1.tlog
D:\FinalProject\FinalProject\Debug\mt.write.1.tlog
D:\FINALPROJECT\FINALPROJECT\DEBUG\STDAFX.OBJ
D:\FINALPROJECT\FINALPROJECT\DEBUG\TEXTURE.OBJ
D:\FinalProject\FinalProject\Debug\vc100.idb
D:\FINALPROJECT\FINALPROJECT\DEBUG\VC100.PDB
